<?xml version="1.0" encoding="UTF-8"?>
<testng-results skipped="0" failed="0" total="1" passed="1">
  <reporter-output>
  </reporter-output>
  <suite name="Suite" duration-ms="8830" started-at="2019-02-22T09:17:36Z" finished-at="2019-02-22T09:17:45Z">
    <groups>
    </groups>
    <test name="Test" duration-ms="8830" started-at="2019-02-22T09:17:36Z" finished-at="2019-02-22T09:17:45Z">
      <class name="example.NewTest">
        <test-method status="PASS" signature="beforeMethod()[pri:0, instance:example.NewTest@6767c1fc]" name="beforeMethod" is-config="true" duration-ms="3386" started-at="2019-02-22T16:17:36Z" finished-at="2019-02-22T16:17:39Z">
          <reporter-output>
          </reporter-output>
        </test-method> <!-- beforeMethod -->
        <test-method status="PASS" signature="f()[pri:0, instance:example.NewTest@6767c1fc]" name="f" duration-ms="4281" started-at="2019-02-22T16:17:39Z" finished-at="2019-02-22T16:17:44Z">
          <reporter-output>
          </reporter-output>
        </test-method> <!-- f -->
        <test-method status="PASS" signature="afterMethod()[pri:0, instance:example.NewTest@6767c1fc]" name="afterMethod" is-config="true" duration-ms="1161" started-at="2019-02-22T16:17:44Z" finished-at="2019-02-22T16:17:45Z">
          <reporter-output>
          </reporter-output>
        </test-method> <!-- afterMethod -->
      </class> <!-- example.NewTest -->
    </test> <!-- Test -->
  </suite> <!-- Suite -->
</testng-results>
